15:48:23 **** Rebuild of configuration Debug for project ex_4 ****
Info: Internal Builder is used for build
gcc -O0 -g3 -Wall -c -fmessage-length=0 -o main.o "..\\main.c" 
Cannot run program "gcc": The system cannot find the file specified.


15:48:33 **** Incremental Build of configuration Debug for project ex_4 ****
Info: Internal Builder is used for build
gcc -O0 -g3 -Wall -c -fmessage-length=0 -o main.o "..\\main.c" 
Cannot run program "gcc": The system cannot find the file specified.


15:49:30 **** Incremental Build of configuration Debug for project ex_4 ****
Info: Internal Builder is used for build
gcc -O0 -g3 -Wall -c -fmessage-length=0 -o main.o "..\\main.c" 
Cannot run program "gcc": The system cannot find the file specified.


15:49:34 **** Incremental Build of configuration Debug for project ex_4 ****
Info: Internal Builder is used for build
gcc -O0 -g3 -Wall -c -fmessage-length=0 -o main.o "..\\main.c" 
Cannot run program "gcc": The system cannot find the file specified.


15:49:35 **** Incremental Build of configuration Debug for project ex_4 ****
Info: Internal Builder is used for build
gcc -O0 -g3 -Wall -c -fmessage-length=0 -o main.o "..\\main.c" 
Cannot run program "gcc": The system cannot find the file specified.


15:49:37 **** Incremental Build of configuration Debug for project ex_4 ****
Info: Internal Builder is used for build
gcc -O0 -g3 -Wall -c -fmessage-length=0 -o main.o "..\\main.c" 
Cannot run program "gcc": The system cannot find the file specified.


15:51:29 **** Rebuild of configuration Debug for project ex_5 ****
Info: Internal Builder is used for build
gcc -O0 -g3 -Wall -c -fmessage-length=0 -o main.o "..\\main.c" 
Cannot run program "gcc": The system cannot find the file specified.


Info: Nothing to build for ex1
16:17:24 **** Incremental Build of configuration Debug for project ex_5 ****
Info: Internal Builder is used for build
gcc -O0 -g3 -Wall -c -fmessage-length=0 -o main.o "..\\main.c" 
Cannot run program "gcc": The system cannot find the file specified.


16:34:35 **** Rebuild of configuration Debug for project ex1 ****
Info: Internal Builder is used for build
gcc -O0 -g3 -Wall -c -fmessage-length=0 -o main.o "..\\main.c" 
Cannot run program "gcc": The system cannot find the file specified.


16:34:35 **** Rebuild of configuration Debug for project ex_5 ****
Info: Internal Builder is used for build
gcc -O0 -g3 -Wall -c -fmessage-length=0 -o main.o "..\\main.c" 
Cannot run program "gcc": The system cannot find the file specified.


