17:26:15 **** Rebuild of configuration Debug for project ex1 ****
Info: Internal Builder is used for build
gcc -O0 -g3 -Wall -c -fmessage-length=0 -o main.o "..\\main.c" 
..\main.c:2:6: warning: return type of 'main' is not 'int' [-Wmain]
 void main ()
      ^~~~
gcc -o ex1.exe main.o 
Info: Nothing to build for ex1
17:26:53 **** Incremental Build of configuration Debug for project ex1 ****
Info: Internal Builder is used for build
gcc -O0 -g3 -Wall -c -fmessage-length=0 -o main.o "..\\main.c" 
..\main.c:2:6: warning: return type of 'main' is not 'int' [-Wmain]
 void main ()
      ^~~~
gcc -o ex1.exe main.o 
Info: Nothing to build for ex1
17:28:05 **** Incremental Build of configuration Debug for project ex1 ****
Info: Internal Builder is used for build
gcc -O0 -g3 -Wall -c -fmessage-length=0 -o main.o "..\\main.c" 
..\main.c:2:6: warning: return type of 'main' is not 'int' [-Wmain]
 void main ()
      ^~~~
..\main.c: In function 'main':
..\main.c:24:15: warning: format '%d' expects argument of type 'int', but argument 2 has type 'double' [-Wformat=]
  printf("sum=%d",sum);
               ^
gcc -o ex1.exe main.o 
Info: Nothing to build for ex1
Info: Nothing to build for ex1
17:32:34 **** Incremental Build of configuration Debug for project ex1 ****
Info: Internal Builder is used for build
gcc -O0 -g3 -Wall -c -fmessage-length=0 -o main.o "..\\main.c" 
..\main.c:2:6: warning: return type of 'main' is not 'int' [-Wmain]
 void main ()
      ^~~~
..\main.c: In function 'main':
..\main.c:14:12: warning: format '%f' expects argument of type 'float *', but argument 2 has type 'int *' [-Wformat=]
    scanf("%f",&x[i][j]);
            ^
..\main.c:24:15: warning: format '%d' expects argument of type 'int', but argument 2 has type 'double' [-Wformat=]
  printf("sum=%d",sum);
               ^
gcc -o ex1.exe main.o 
17:32:57 **** Incremental Build of configuration Debug for project ex1 ****
Info: Internal Builder is used for build
gcc -O0 -g3 -Wall -c -fmessage-length=0 -o main.o "..\\main.c" 
..\main.c:2:6: warning: return type of 'main' is not 'int' [-Wmain]
 void main ()
      ^~~~
..\main.c: In function 'main':
..\main.c:14:12: warning: format '%f' expects argument of type 'float *', but argument 2 has type 'int *' [-Wformat=]
    scanf("%f",&x[i][j]);
            ^
gcc -o ex1.exe main.o 
Info: Nothing to build for ex1
17:33:34 **** Incremental Build of configuration Debug for project ex1 ****
Info: Internal Builder is used for build
gcc -O0 -g3 -Wall -c -fmessage-length=0 -o main.o "..\\main.c" 
..\main.c:2:6: warning: return type of 'main' is not 'int' [-Wmain]
 void main ()
      ^~~~
gcc -o ex1.exe main.o 
Info: Nothing to build for ex1
17:34:16 **** Incremental Build of configuration Debug for project ex1 ****
Info: Internal Builder is used for build
gcc -O0 -g3 -Wall -c -fmessage-length=0 -o main.o "..\\main.c" 
..\main.c:2:6: warning: return type of 'main' is not 'int' [-Wmain]
 void main ()
      ^~~~
gcc -o ex1.exe main.o 
Info: Nothing to build for ex1
17:35:56 **** Incremental Build of configuration Debug for project ex1 ****
Info: Internal Builder is used for build
gcc -O0 -g3 -Wall -c -fmessage-length=0 -o main.o "..\\main.c" 
..\main.c:2:6: warning: return type of 'main' is not 'int' [-Wmain]
 void main ()
      ^~~~
gcc -o ex1.exe main.o 
Info: Nothing to build for ex1
17:42:02 **** Incremental Build of configuration Debug for project ex1 ****
Info: Internal Builder is used for build
gcc -O0 -g3 -Wall -c -fmessage-length=0 -o main.o "..\\main.c" 
..\main.c:2:6: warning: return type of 'main' is not 'int' [-Wmain]
 void main ()
      ^~~~
..\main.c: In function 'main':
..\main.c:34:4: error: expected ';' before '}' token
    }
    ^
17:42:19 **** Incremental Build of configuration Debug for project ex1 ****
Info: Internal Builder is used for build
gcc -O0 -g3 -Wall -c -fmessage-length=0 -o main.o "..\\main.c" 
..\main.c:2:6: warning: return type of 'main' is not 'int' [-Wmain]
 void main ()
      ^~~~
gcc -o ex1.exe main.o 
Info: Nothing to build for ex1
17:42:50 **** Incremental Build of configuration Debug for project ex1 ****
Info: Internal Builder is used for build
gcc -O0 -g3 -Wall -c -fmessage-length=0 -o main.o "..\\main.c" 
..\main.c:2:6: warning: return type of 'main' is not 'int' [-Wmain]
 void main ()
      ^~~~
gcc -o ex1.exe main.o 
Info: Nothing to build for ex1
17:44:12 **** Incremental Build of configuration Debug for project ex1 ****
Info: Internal Builder is used for build
gcc -O0 -g3 -Wall -c -fmessage-length=0 -o main.o "..\\main.c" 
..\main.c:2:6: warning: return type of 'main' is not 'int' [-Wmain]
 void main ()
      ^~~~
gcc -o ex1.exe main.o 
Info: Nothing to build for ex1
Info: Nothing to build for ex1
17:55:46 **** Rebuild of configuration Debug for project ex2 ****
Info: Internal Builder is used for build
gcc -O0 -g3 -Wall -c -fmessage-length=0 -o main.o "..\\main.c" 
..\main.c:2:6: warning: return type of 'main' is not 'int' [-Wmain]
 void main ()
      ^~~~
..\main.c: In function 'main':
..\main.c:18:44: error: 'j' undeclared (first use in this function)
    printf("enter elemennt a(%d,%d) \n",i+1,j+1);
                                            ^
..\main.c:18:44: note: each undeclared identifier is reported only once for each function it appears in
..\main.c:7:14: warning: unused variable 'average' [-Wunused-variable]
  float sum=0,average;
              ^~~~~~~
Info: Nothing to build for ex1
17:56:54 **** Incremental Build of configuration Debug for project ex2 ****
Info: Internal Builder is used for build
gcc -O0 -g3 -Wall -c -fmessage-length=0 -o main.o "..\\main.c" 
..\main.c:2:6: warning: return type of 'main' is not 'int' [-Wmain]
 void main ()
      ^~~~
..\main.c: In function 'main':
..\main.c:19:44: error: 'j' undeclared (first use in this function)
    printf("enter elemennt a(%d,%d) \n",i+1,j+1);
                                            ^
..\main.c:19:44: note: each undeclared identifier is reported only once for each function it appears in
..\main.c:8:17: warning: unused variable 'average' [-Wunused-variable]
  volatile float average;
                 ^~~~~~~
Info: Nothing to build for ex1
17:58:25 **** Incremental Build of configuration Debug for project ex2 ****
Info: Internal Builder is used for build
gcc -O0 -g3 -Wall -c -fmessage-length=0 -o main.o "..\\main.c" 
..\main.c:2:6: warning: return type of 'main' is not 'int' [-Wmain]
 void main ()
      ^~~~
..\main.c: In function 'main':
..\main.c:19:44: error: 'j' undeclared (first use in this function)
    printf("enter elemennt a(%d,%d) \n",i+1,j+1);
                                            ^
..\main.c:19:44: note: each undeclared identifier is reported only once for each function it appears in
17:58:58 **** Incremental Build of configuration Debug for project ex2 ****
Info: Internal Builder is used for build
gcc -O0 -g3 -Wall -c -fmessage-length=0 -o main.o "..\\main.c" 
..\main.c:2:6: warning: return type of 'main' is not 'int' [-Wmain]
 void main ()
      ^~~~
..\main.c: In function 'main':
..\main.c:20:21: error: 'j' undeclared (first use in this function)
    scanf("%f",&x[i][j]);
                     ^
..\main.c:20:21: note: each undeclared identifier is reported only once for each function it appears in
17:59:15 **** Incremental Build of configuration Debug for project ex2 ****
Info: Internal Builder is used for build
gcc -O0 -g3 -Wall -c -fmessage-length=0 -o main.o "..\\main.c" 
..\main.c:2:6: warning: return type of 'main' is not 'int' [-Wmain]
 void main ()
      ^~~~
gcc -o ex2.exe main.o 
Info: Nothing to build for ex2
18:00:50 **** Incremental Build of configuration Debug for project ex2 ****
Info: Internal Builder is used for build
gcc -O0 -g3 -Wall -c -fmessage-length=0 -o main.o "..\\main.c" 
..\main.c:2:6: warning: return type of 'main' is not 'int' [-Wmain]
 void main ()
      ^~~~
gcc -o ex2.exe main.o 
Info: Nothing to build for ex2
18:15:45 **** Rebuild of configuration Debug for project ex3 ****
Info: Internal Builder is used for build
gcc -O0 -g3 -Wall -c -fmessage-length=0 -o main.o "..\\main.c" 
..\main.c:2:6: warning: return type of 'main' is not 'int' [-Wmain]
 void main ()
      ^~~~
..\main.c: In function 'main':
..\main.c:9:10: warning: format '%d' expects argument of type 'int *', but argument 2 has type 'int' [-Wformat=]
  scanf("%d %d",r,c);
          ^
..\main.c:9:13: warning: format '%d' expects argument of type 'int *', but argument 3 has type 'int' [-Wformat=]
  scanf("%d %d",r,c);
             ^
..\main.c:16:12: warning: format '%f' expects argument of type 'float *', but argument 2 has type 'int *' [-Wformat=]
    scanf("%f",&x[i][j]);
            ^
..\main.c:34:20: error: expected expression before '[' token
    printf(" %d \t",[i][j]);
                    ^
..\main.c:7:16: warning: variable 'y' set but not used [-Wunused-but-set-variable]
  int x[10][10],y[10][10];
                ^
18:16:10 **** Incremental Build of configuration Debug for project ex3 ****
Info: Internal Builder is used for build
gcc -O0 -g3 -Wall -c -fmessage-length=0 -o main.o "..\\main.c" 
..\main.c:2:6: warning: return type of 'main' is not 'int' [-Wmain]
 void main ()
      ^~~~
..\main.c: In function 'main':
..\main.c:9:10: warning: format '%d' expects argument of type 'int *', but argument 2 has type 'int' [-Wformat=]
  scanf("%d %d",r,c);
          ^
..\main.c:9:13: warning: format '%d' expects argument of type 'int *', but argument 3 has type 'int' [-Wformat=]
  scanf("%d %d",r,c);
             ^
..\main.c:16:12: warning: format '%f' expects argument of type 'float *', but argument 2 has type 'int *' [-Wformat=]
    scanf("%f",&x[i][j]);
            ^
..\main.c:9:2: warning: 'r' is used uninitialized in this function [-Wuninitialized]
  scanf("%d %d",r,c);
  ^~~~~~~~~~~~~~~~~~
..\main.c:9:2: warning: 'c' is used uninitialized in this function [-Wuninitialized]
gcc -o ex3.exe main.o 
18:16:50 **** Incremental Build of configuration Debug for project ex3 ****
Info: Internal Builder is used for build
gcc -O0 -g3 -Wall -c -fmessage-length=0 -o main.o "..\\main.c" 
..\main.c:2:6: warning: return type of 'main' is not 'int' [-Wmain]
 void main ()
      ^~~~
..\main.c: In function 'main':
..\main.c:16:12: warning: format '%f' expects argument of type 'float *', but argument 2 has type 'int *' [-Wformat=]
    scanf("%f",&x[i][j]);
            ^
gcc -o ex3.exe main.o 
18:17:02 **** Incremental Build of configuration Debug for project ex3 ****
Info: Internal Builder is used for build
gcc -O0 -g3 -Wall -c -fmessage-length=0 -o main.o "..\\main.c" 
..\main.c:2:6: warning: return type of 'main' is not 'int' [-Wmain]
 void main ()
      ^~~~
gcc -o ex3.exe main.o 
Info: Nothing to build for ex3
18:19:40 **** Incremental Build of configuration Debug for project ex3 ****
Info: Internal Builder is used for build
gcc -O0 -g3 -Wall -c -fmessage-length=0 -o main.o "..\\main.c" 
..\main.c:2:6: warning: return type of 'main' is not 'int' [-Wmain]
 void main ()
      ^~~~
gcc -o ex3.exe main.o 
Info: Nothing to build for ex3
Info: Nothing to build for ex3
18:20:47 **** Incremental Build of configuration Debug for project ex3 ****
Info: Internal Builder is used for build
gcc -O0 -g3 -Wall -c -fmessage-length=0 -o main.o "..\\main.c" 
..\main.c:2:6: warning: return type of 'main' is not 'int' [-Wmain]
 void main ()
      ^~~~
gcc -o ex3.exe main.o 
Info: Nothing to build for ex3
18:34:18 **** Rebuild of configuration Debug for project ex4 ****
Info: Internal Builder is used for build
gcc -O0 -g3 -Wall -c -fmessage-length=0 -o main.o "..\\main.c" 
..\main.c:2:6: warning: return type of 'main' is not 'int' [-Wmain]
 void main ()
      ^~~~
..\main.c: In function 'main':
..\main.c:9:14: error: 'n' undeclared (first use in this function)
  scanf("%d",&n);
              ^
..\main.c:9:14: note: each undeclared identifier is reported only once for each function it appears in
..\main.c:11:7: error: 'i' undeclared (first use in this function)
  for (i=0;i<num;i++)
       ^
18:34:56 **** Incremental Build of configuration Debug for project ex4 ****
Info: Internal Builder is used for build
gcc -O0 -g3 -Wall -c -fmessage-length=0 -o main.o "..\\main.c" 
..\main.c:2:6: warning: return type of 'main' is not 'int' [-Wmain]
 void main ()
      ^~~~
gcc -o ex4.exe main.o 
Info: Nothing to build for ex4
18:37:17 **** Incremental Build of configuration Debug for project ex4 ****
Info: Internal Builder is used for build
gcc -O0 -g3 -Wall -c -fmessage-length=0 -o main.o "..\\main.c" 
..\main.c:2:6: warning: return type of 'main' is not 'int' [-Wmain]
 void main ()
      ^~~~
gcc -o ex4.exe main.o 
Info: Nothing to build for ex4
Info: Nothing to build for ex4
Info: Nothing to build for ex4
19:21:56 **** Incremental Build of configuration Debug for project ex4 ****
Info: Internal Builder is used for build
gcc -O0 -g3 -Wall -c -fmessage-length=0 -o main.o "..\\main.c" 
..\main.c:2:6: warning: return type of 'main' is not 'int' [-Wmain]
 void main ()
      ^~~~
gcc -o ex4.exe main.o 
Info: Nothing to build for ex4
19:24:45 **** Incremental Build of configuration Debug for project ex4 ****
Info: Internal Builder is used for build
gcc -O0 -g3 -Wall -c -fmessage-length=0 -o main.o "..\\main.c" 
..\main.c:2:6: warning: return type of 'main' is not 'int' [-Wmain]
 void main ()
      ^~~~
gcc -o ex4.exe main.o 
Info: Nothing to build for ex4
19:33:06 **** Incremental Build of configuration Debug for project ex4 ****
Info: Internal Builder is used for build
gcc -O0 -g3 -Wall -c -fmessage-length=0 -o main.o "..\\main.c" 
..\main.c:2:6: warning: return type of 'main' is not 'int' [-Wmain]
 void main ()
      ^~~~
gcc -o ex4.exe main.o 
Info: Nothing to build for ex4
19:34:29 **** Incremental Build of configuration Debug for project ex4 ****
Info: Internal Builder is used for build
gcc -O0 -g3 -Wall -c -fmessage-length=0 -o main.o "..\\main.c" 
..\main.c:2:6: warning: return type of 'main' is not 'int' [-Wmain]
 void main ()
      ^~~~
gcc -o ex4.exe main.o 
Info: Nothing to build for ex4
19:35:42 **** Incremental Build of configuration Debug for project ex4 ****
Info: Internal Builder is used for build
gcc -O0 -g3 -Wall -c -fmessage-length=0 -o main.o "..\\main.c" 
..\main.c:2:6: warning: return type of 'main' is not 'int' [-Wmain]
 void main ()
      ^~~~
gcc -o ex4.exe main.o 
Info: Nothing to build for ex4
19:37:25 **** Incremental Build of configuration Debug for project ex4 ****
Info: Internal Builder is used for build
gcc -O0 -g3 -Wall -c -fmessage-length=0 -o main.o "..\\main.c" 
..\main.c:2:6: warning: return type of 'main' is not 'int' [-Wmain]
 void main ()
      ^~~~
gcc -o ex4.exe main.o 
19:38:01 **** Incremental Build of configuration Debug for project ex4 ****
Info: Internal Builder is used for build
gcc -O0 -g3 -Wall -c -fmessage-length=0 -o main.o "..\\main.c" 
..\main.c:2:6: warning: return type of 'main' is not 'int' [-Wmain]
 void main ()
      ^~~~
gcc -o ex4.exe main.o 
Info: Nothing to build for ex4
19:39:20 **** Incremental Build of configuration Debug for project ex4 ****
Info: Internal Builder is used for build
gcc -O0 -g3 -Wall -c -fmessage-length=0 -o main.o "..\\main.c" 
..\main.c:2:6: warning: return type of 'main' is not 'int' [-Wmain]
 void main ()
      ^~~~
gcc -o ex4.exe main.o 
Info: Nothing to build for ex4
19:53:54 **** Incremental Build of configuration Debug for project ex4 ****
Info: Internal Builder is used for build
gcc -O0 -g3 -Wall -c -fmessage-length=0 -o main.o "..\\main.c" 
..\main.c:2:6: warning: return type of 'main' is not 'int' [-Wmain]
 void main ()
      ^~~~
gcc -o ex4.exe main.o 
Info: Nothing to build for ex4
19:56:32 **** Incremental Build of configuration Debug for project ex4 ****
Info: Internal Builder is used for build
gcc -O0 -g3 -Wall -c -fmessage-length=0 -o main.o "..\\main.c" 
..\main.c:2:6: warning: return type of 'main' is not 'int' [-Wmain]
 void main ()
      ^~~~
gcc -o ex4.exe main.o 
Info: Nothing to build for ex4
19:57:04 **** Incremental Build of configuration Debug for project ex4 ****
Info: Internal Builder is used for build
gcc -O0 -g3 -Wall -c -fmessage-length=0 -o main.o "..\\main.c" 
..\main.c:2:6: warning: return type of 'main' is not 'int' [-Wmain]
 void main ()
      ^~~~
..\main.c: In function 'main':
..\main.c:6:10: warning: unused variable 'a' [-Wunused-variable]
  int num,a,b,i;
          ^
gcc -o ex4.exe main.o 
Info: Nothing to build for ex4
19:58:41 **** Incremental Build of configuration Debug for project ex4 ****
Info: Internal Builder is used for build
gcc -O0 -g3 -Wall -c -fmessage-length=0 -o main.o "..\\main.c" 
..\main.c:2:6: warning: return type of 'main' is not 'int' [-Wmain]
 void main ()
      ^~~~
..\main.c: In function 'main':
..\main.c:6:10: warning: unused variable 'a' [-Wunused-variable]
  int num,a,b,i;
          ^
gcc -o ex4.exe main.o 
Info: Nothing to build for ex4
20:09:27 **** Incremental Build of configuration Debug for project ex4 ****
Info: Internal Builder is used for build
gcc -O0 -g3 -Wall -c -fmessage-length=0 -o main.o "..\\main.c" 
..\main.c:2:6: warning: return type of 'main' is not 'int' [-Wmain]
 void main ()
      ^~~~
gcc -o ex4.exe main.o 
Info: Nothing to build for ex4
20:12:35 **** Incremental Build of configuration Debug for project ex4 ****
Info: Internal Builder is used for build
gcc -O0 -g3 -Wall -c -fmessage-length=0 -o main.o "..\\main.c" 
..\main.c:2:6: warning: return type of 'main' is not 'int' [-Wmain]
 void main ()
      ^~~~
gcc -o ex4.exe main.o 
Info: Nothing to build for ex4
Info: Nothing to build for ex4
Info: Nothing to build for ex4
21:31:35 **** Incremental Build of configuration Debug for project ex4 ****
Info: Internal Builder is used for build
gcc -O0 -g3 -Wall -c -fmessage-length=0 -o main.o "..\\main.c" 
..\main.c:2:6: warning: return type of 'main' is not 'int' [-Wmain]
 void main ()
      ^~~~
gcc -o ex4.exe main.o 
Info: Nothing to build for ex4
21:32:26 **** Incremental Build of configuration Debug for project ex4 ****
Info: Internal Builder is used for build
gcc -O0 -g3 -Wall -c -fmessage-length=0 -o main.o "..\\main.c" 
..\main.c:2:6: warning: return type of 'main' is not 'int' [-Wmain]
 void main ()
      ^~~~
gcc -o ex4.exe main.o 
Info: Nothing to build for ex4
21:34:18 **** Incremental Build of configuration Debug for project ex4 ****
Info: Internal Builder is used for build
gcc -O0 -g3 -Wall -c -fmessage-length=0 -o main.o "..\\main.c" 
..\main.c:2:6: warning: return type of 'main' is not 'int' [-Wmain]
 void main ()
      ^~~~
gcc -o ex4.exe main.o 
21:37:24 **** Rebuild of configuration Debug for project delete_element_from_array_elements ****
Info: Internal Builder is used for build
gcc -O0 -g3 -Wall -c -fmessage-length=0 -o main.o "..\\main.c" 
..\main.c:2:6: warning: return type of 'main' is not 'int' [-Wmain]
 void main ()
      ^~~~
gcc -o delete_element_from_array_elements.exe main.o 
21:37:25 **** Rebuild of configuration Debug for project ex4 ****
Info: Internal Builder is used for build
gcc -O0 -g3 -Wall -c -fmessage-length=0 -o main.o "..\\main.c" 
..\main.c:2:6: warning: return type of 'main' is not 'int' [-Wmain]
 void main ()
      ^~~~
gcc -o ex4.exe main.o 
21:37:34 **** Incremental Build of configuration Debug for project ex4 ****
Info: Internal Builder is used for build
gcc -O0 -g3 -Wall -c -fmessage-length=0 -o main.o "..\\main.c" 
..\main.c:2:6: warning: return type of 'main' is not 'int' [-Wmain]
 void main ()
      ^~~~
gcc -o ex4.exe main.o 
04:26:19 **** Rebuild of configuration Debug for project ex5 ****
Info: Internal Builder is used for build
gcc -O0 -g3 -Wall -c -fmessage-length=0 -o main.o "..\\main.c" 
..\main.c:2:6: warning: return type of 'main' is not 'int' [-Wmain]
 void main ()
      ^~~~
..\main.c: In function 'main':
..\main.c:16:11: warning: format '%d' expects argument of type 'int *', but argument 2 has type 'int' [-Wformat=]
   scanf("%d",x[i]);
           ^
gcc -o ex5.exe main.o 
04:26:41 **** Incremental Build of configuration Debug for project ex5 ****
Info: Internal Builder is used for build
gcc -O0 -g3 -Wall -c -fmessage-length=0 -o main.o "..\\main.c" 
..\main.c:2:6: warning: return type of 'main' is not 'int' [-Wmain]
 void main ()
      ^~~~
gcc -o ex5.exe main.o 
Info: Nothing to build for ex5
Info: Nothing to build for ex5
Info: Nothing to build for ex5
04:34:41 **** Rebuild of configuration Debug for project string_homework1 ****
Info: Internal Builder is used for build
gcc -O0 -g3 -Wall -c -fmessage-length=0 -o main.o "..\\main.c" 
..\main.c:2:6: warning: return type of 'main' is not 'int' [-Wmain]
 void main ()
      ^~~~
..\main.c: In function 'main':
..\main.c:12:13: warning: implicit declaration of function 'strlen' [-Wimplicit-function-declaration]
  for (i=0;i<strlen(name);i++)
             ^~~~~~
..\main.c:12:13: warning: incompatible implicit declaration of built-in function 'strlen'
..\main.c:12:13: note: include '<string.h>' or provide a declaration of 'strlen'
gcc -o string_homework1.exe main.o 
Info: Nothing to build for ex5
04:35:02 **** Incremental Build of configuration Debug for project string_homework1 ****
Info: Internal Builder is used for build
gcc -O0 -g3 -Wall -c -fmessage-length=0 -o main.o "..\\main.c" 
..\main.c:3:6: warning: return type of 'main' is not 'int' [-Wmain]
 void main ()
      ^~~~
gcc -o string_homework1.exe main.o 
Info: Nothing to build for ex5
Info: Nothing to build for string_homework1
Info: Nothing to build for string_homework1
04:37:26 **** Incremental Build of configuration Debug for project string_homework1 ****
Info: Internal Builder is used for build
gcc -O0 -g3 -Wall -c -fmessage-length=0 -o main.o "..\\main.c" 
..\main.c:3:6: warning: return type of 'main' is not 'int' [-Wmain]
 void main ()
      ^~~~
gcc -o string_homework1.exe main.o 
Info: Nothing to build for string_homework1
04:38:01 **** Incremental Build of configuration Debug for project string_homework1 ****
Info: Internal Builder is used for build
gcc -O0 -g3 -Wall -c -fmessage-length=0 -o main.o "..\\main.c" 
..\main.c:3:6: warning: return type of 'main' is not 'int' [-Wmain]
 void main ()
      ^~~~
gcc -o string_homework1.exe main.o 
Info: Nothing to build for string_homework1
07:31:01 **** Rebuild of configuration Debug for project string_homework2 ****
Info: Internal Builder is used for build
gcc -O0 -g3 -Wall -c -fmessage-length=0 -o main.o "..\\main.c" 
..\main.c:3:6: warning: return type of 'main' is not 'int' [-Wmain]
 void main ()
      ^~~~
..\main.c: In function 'main':
..\main.c:8:10: warning: suggest parentheses around '&&' within '||' [-Wparentheses]
  x=j||i++&&1;
       ~~~^~~
gcc -o string_homework2.exe main.o 
Info: Nothing to build for string_homework1
Info: Nothing to build for string_homework2
07:34:27 **** Incremental Build of configuration Debug for project string_homework2 ****
Info: Internal Builder is used for build
gcc -O0 -g3 -Wall -c -fmessage-length=0 -o main.o "..\\main.c" 
..\main.c:3:6: warning: return type of 'main' is not 'int' [-Wmain]
 void main ()
      ^~~~
..\main.c: In function 'main':
..\main.c:8:10: warning: suggest parentheses around '&&' within '||' [-Wparentheses]
  x=j||i++&&0;
       ~~~^~~
gcc -o string_homework2.exe main.o 
Info: Nothing to build for string_homework2
08:37:29 **** Incremental Build of configuration Debug for project string_homework2 ****
Info: Internal Builder is used for build
gcc -O0 -g3 -Wall -c -fmessage-length=0 -o main.o "..\\main.c" 
..\main.c:3:6: warning: return type of 'main' is not 'int' [-Wmain]
 void main ()
      ^~~~
..\main.c: In function 'main':
..\main.c:11:2: error: expected ';' before 'for'
  for (i=0;x[i]!=0;i++)
  ^~~
..\main.c:8:8: warning: unused variable 'count' [-Wunused-variable]
  int i,count=0;
        ^~~~~
..\main.c:8:6: warning: unused variable 'i' [-Wunused-variable]
  int i,count=0;
      ^
08:37:52 **** Incremental Build of configuration Debug for project string_homework2 ****
Info: Internal Builder is used for build
gcc -O0 -g3 -Wall -c -fmessage-length=0 -o main.o "..\\main.c" 
..\main.c:3:6: warning: return type of 'main' is not 'int' [-Wmain]
 void main ()
      ^~~~
gcc -o string_homework2.exe main.o 
Info: Nothing to build for string_homework2
Info: Nothing to build for string_homework2
08:40:24 **** Incremental Build of configuration Debug for project string_homework2 ****
Info: Internal Builder is used for build
gcc -O0 -g3 -Wall -c -fmessage-length=0 -o main.o "..\\main.c" 
..\main.c:3:6: warning: return type of 'main' is not 'int' [-Wmain]
 void main ()
      ^~~~
gcc -o string_homework2.exe main.o 
Info: Nothing to build for string_homework2
Info: Nothing to build for string_homework2
Info: Nothing to build for string_homework2
08:43:37 **** Rebuild of configuration Debug for project string_homework3 ****
Info: Internal Builder is used for build
gcc -O0 -g3 -Wall -c -fmessage-length=0 -o main.o "..\\main.c" 
..\main.c:3:6: warning: return type of 'main' is not 'int' [-Wmain]
 void main ()
      ^~~~
..\main.c: In function 'main':
..\main.c:8:10: warning: variable 'count' set but not used [-Wunused-but-set-variable]
  int i=0,count=0;
          ^~~~~
..\main.c:8:6: warning: unused variable 'i' [-Wunused-variable]
  int i=0,count=0;
      ^
gcc -o string_homework3.exe main.o 
08:48:55 **** Incremental Build of configuration Debug for project string_homework3 ****
Info: Internal Builder is used for build
gcc -O0 -g3 -Wall -c -fmessage-length=0 -o main.o "..\\main.c" 
..\main.c:3:6: warning: return type of 'main' is not 'int' [-Wmain]
 void main ()
      ^~~~
..\main.c: In function 'main':
..\main.c:15:12: warning: passing argument 1 of 'strcat' makes pointer from integer without a cast [-Wint-conversion]
   y=strcat(x[i-1],x[i-2]);
            ^
In file included from ..\main.c:2:0:
c:\mingw\include\string.h:75:40: note: expected 'char *' but argument is of type 'char'
 _CRTIMP __cdecl __MINGW_NOTHROW  char *strcat (char *, const char *);
                                        ^~~~~~
..\main.c:15:19: warning: passing argument 2 of 'strcat' makes pointer from integer without a cast [-Wint-conversion]
   y=strcat(x[i-1],x[i-2]);
                   ^
In file included from ..\main.c:2:0:
c:\mingw\include\string.h:75:40: note: expected 'const char *' but argument is of type 'char'
 _CRTIMP __cdecl __MINGW_NOTHROW  char *strcat (char *, const char *);
                                        ^~~~~~
..\main.c:15:4: error: assignment to expression with array type
   y=strcat(x[i-1],x[i-2]);
    ^
09:00:42 **** Incremental Build of configuration Debug for project string_homework3 ****
Info: Internal Builder is used for build
gcc -O0 -g3 -Wall -c -fmessage-length=0 -o main.o "..\\main.c" 
..\main.c:3:6: warning: return type of 'main' is not 'int' [-Wmain]
 void main ()
      ^~~~
..\main.c: In function 'main':
..\main.c:9:2: error: expected '=', ',', ';', 'asm' or '__attribute__' before 'int'
  int i=0,count=0;
  ^~~
..\main.c:15:3: error: 'temp' undeclared (first use in this function)
   temp=x[i];
   ^~~~
..\main.c:15:3: note: each undeclared identifier is reported only once for each function it appears in
..\main.c:19:3: error: 'j' undeclared (first use in this function)
   j--;
   ^
09:01:01 **** Incremental Build of configuration Debug for project string_homework3 ****
Info: Internal Builder is used for build
gcc -O0 -g3 -Wall -c -fmessage-length=0 -o main.o "..\\main.c" 
..\main.c:3:6: warning: return type of 'main' is not 'int' [-Wmain]
 void main ()
      ^~~~
..\main.c: In function 'main':
..\main.c:9:2: error: expected '=', ',', ';', 'asm' or '__attribute__' before 'int'
  int i=0,count=0;
  ^~~
..\main.c:15:3: error: 'temp' undeclared (first use in this function)
   temp=x[i];
   ^~~~
..\main.c:15:3: note: each undeclared identifier is reported only once for each function it appears in
09:01:34 **** Incremental Build of configuration Debug for project string_homework3 ****
Info: Internal Builder is used for build
gcc -O0 -g3 -Wall -c -fmessage-length=0 -o main.o "..\\main.c" 
..\main.c:3:6: warning: return type of 'main' is not 'int' [-Wmain]
 void main ()
      ^~~~
gcc -o string_homework3.exe main.o 
Info: Nothing to build for string_homework3
Info: Nothing to build for string_homework3
09:13:11 **** Incremental Build of configuration Debug for project string_homework3 ****
Info: Internal Builder is used for build
gcc -O0 -g3 -Wall -c -fmessage-length=0 -o main.o "..\\main.c" 
..\main.c:3:6: warning: return type of 'main' is not 'int' [-Wmain]
 void main ()
      ^~~~
gcc -o string_homework3.exe main.o 
09:13:57 **** Incremental Build of configuration Debug for project string_homework3 ****
Info: Internal Builder is used for build
gcc -O0 -g3 -Wall -c -fmessage-length=0 -o main.o "..\\main.c" 
..\main.c:3:6: warning: return type of 'main' is not 'int' [-Wmain]
 void main ()
      ^~~~
gcc -o string_homework3.exe main.o 
Info: Nothing to build for string_homework3
09:16:11 **** Incremental Build of configuration Debug for project string_homework3 ****
Info: Internal Builder is used for build
gcc -O0 -g3 -Wall -c -fmessage-length=0 -o main.o "..\\main.c" 
..\main.c:3:6: warning: return type of 'main' is not 'int' [-Wmain]
 void main ()
      ^~~~
gcc -o string_homework3.exe main.o 
Info: Nothing to build for string_homework3
09:17:53 **** Incremental Build of configuration Debug for project string_homework3 ****
Info: Internal Builder is used for build
gcc -O0 -g3 -Wall -c -fmessage-length=0 -o main.o "..\\main.c" 
..\main.c:3:6: warning: return type of 'main' is not 'int' [-Wmain]
 void main ()
      ^~~~
gcc -o string_homework3.exe main.o 
Info: Nothing to build for string_homework3
09:22:12 **** Incremental Build of configuration Debug for project string_homework3 ****
Info: Internal Builder is used for build
gcc -O0 -g3 -Wall -c -fmessage-length=0 -o main.o "..\\main.c" 
..\main.c:3:6: warning: return type of 'main' is not 'int' [-Wmain]
 void main ()
      ^~~~
gcc -o string_homework3.exe main.o 
Info: Nothing to build for string_homework3
09:31:53 **** Incremental Build of configuration Debug for project string_homework3 ****
Info: Internal Builder is used for build
gcc -O0 -g3 -Wall -c -fmessage-length=0 -o main.o "..\\main.c" 
..\main.c:3:6: warning: return type of 'main' is not 'int' [-Wmain]
 void main ()
      ^~~~
..\main.c: In function 'main':
..\main.c:12:2: error: expected ';' before 'while'
  while (i>=0)
  ^~~~~
..\main.c:8:10: warning: variable 'count' set but not used [-Wunused-but-set-variable]
  int i=0,count=0;
          ^~~~~
..\main.c:8:6: warning: unused variable 'i' [-Wunused-variable]
  int i=0,count=0;
      ^
09:32:11 **** Incremental Build of configuration Debug for project string_homework3 ****
Info: Internal Builder is used for build
gcc -O0 -g3 -Wall -c -fmessage-length=0 -o main.o "..\\main.c" 
..\main.c:3:6: warning: return type of 'main' is not 'int' [-Wmain]
 void main ()
      ^~~~
gcc -o string_homework3.exe main.o 
Info: Nothing to build for string_homework3
09:34:18 **** Incremental Build of configuration Debug for project string_homework3 ****
Info: Internal Builder is used for build
gcc -O0 -g3 -Wall -c -fmessage-length=0 -o main.o "..\\main.c" 
..\main.c:3:6: warning: return type of 'main' is not 'int' [-Wmain]
 void main ()
      ^~~~
gcc -o string_homework3.exe main.o 
Info: Nothing to build for string_homework3
09:35:11 **** Incremental Build of configuration Debug for project string_homework3 ****
Info: Internal Builder is used for build
gcc -O0 -g3 -Wall -c -fmessage-length=0 -o main.o "..\\main.c" 
..\main.c:3:6: warning: return type of 'main' is not 'int' [-Wmain]
 void main ()
      ^~~~
gcc -o string_homework3.exe main.o 
Info: Nothing to build for string_homework3
09:36:32 **** Incremental Build of configuration Debug for project string_homework3 ****
Info: Internal Builder is used for build
gcc -O0 -g3 -Wall -c -fmessage-length=0 -o main.o "..\\main.c" 
..\main.c:3:6: warning: return type of 'main' is not 'int' [-Wmain]
 void main ()
      ^~~~
gcc -o string_homework3.exe main.o 
Info: Nothing to build for string_homework3
09:36:58 **** Incremental Build of configuration Debug for project string_homework3 ****
Info: Internal Builder is used for build
gcc -O0 -g3 -Wall -c -fmessage-length=0 -o main.o "..\\main.c" 
..\main.c:3:6: warning: return type of 'main' is not 'int' [-Wmain]
 void main ()
      ^~~~
gcc -o string_homework3.exe main.o 
Info: Nothing to build for string_homework3
Info: Nothing to build for string_homework3
